[1126/162057.834:ERROR:directory_reader_win.cc(43)] FindFirstFile: The system cannot find the path specified. (0x3)
[1126/164558.593:ERROR:directory_reader_win.cc(43)] FindFirstFile: The system cannot find the path specified. (0x3)
[1126/170514.989:ERROR:filesystem_win.cc(129)] GetFileAttributes C:\Users\Lenovo\AppData\Local\Temp\karma-56486424\Crashpad\attachments\29b590f8-a6ae-49a7-b2a7-c8ed8b997943: The system cannot find the path specified. (0x3)
[1126/170516.551:ERROR:http_transport_win.cc(276)] WinHttpSendRequest: The operation completed successfully. (0x0)
[1126/170944.556:ERROR:directory_reader_win.cc(43)] FindFirstFile: The system cannot find the path specified. (0x3)
[1126/233024.722:ERROR:filesystem_win.cc(129)] GetFileAttributes C:\Users\Lenovo\AppData\Local\Temp\karma-56486424\Crashpad\attachments\551d82d6-16d9-4b86-97dd-ebef080af8e5: The system cannot find the path specified. (0x3)
[1126/233025.955:ERROR:http_transport_win.cc(276)] WinHttpSendRequest: The operation completed successfully. (0x0)
[1129/152813.821:ERROR:directory_reader_win.cc(43)] FindFirstFile: The system cannot find the path specified. (0x3)
[1129/195700.807:ERROR:directory_reader_win.cc(43)] FindFirstFile: The system cannot find the path specified. (0x3)
[1129/201439.415:ERROR:filesystem_win.cc(129)] GetFileAttributes C:\Users\Lenovo\AppData\Local\Temp\karma-79176275\Crashpad\attachments\e5386bd2-2cc1-46af-a778-d7ba5bf42292: The system cannot find the path specified. (0x3)
[1129/201444.640:ERROR:http_transport_win.cc(276)] WinHttpSendRequest: The operation completed successfully. (0x0)
[1129/202352.817:ERROR:exception_handler_server.cc(524)] ConnectNamedPipe: The pipe is being closed. (0xE8)
[1208/093646.514:ERROR:directory_reader_win.cc(43)] FindFirstFile: The system cannot find the path specified. (0x3)
[1208/093914.188:ERROR:filesystem_win.cc(129)] GetFileAttributes C:\Users\Lenovo\AppData\Local\Temp\karma-48393482\Crashpad\attachments\0f0ad064-ac6c-493b-a4a5-027df36229a2: The system cannot find the path specified. (0x3)
[1208/093928.734:ERROR:http_transport_win.cc(276)] WinHttpSendRequest: The operation completed successfully. (0x0)
[1213/202135.880:ERROR:filesystem_win.cc(129)] GetFileAttributes C:\Users\Lenovo\AppData\Local\Temp\karma-55422999\Crashpad\attachments\6913c890-0425-4ce5-b057-f17414340ff4: The system cannot find the path specified. (0x3)
[1213/202139.239:ERROR:http_transport_win.cc(276)] WinHttpSendRequest: The operation completed successfully. (0x0)
[1213/202814.582:ERROR:directory_reader_win.cc(43)] FindFirstFile: The system cannot find the path specified. (0x3)
[1213/213248.436:ERROR:file_io_win.cc(162)] CreateFile C:\Users\Lenovo\AppData\Local\Temp\karma-55422999\Crashpad\settings.dat: The system cannot find the path specified. (0x3)
[1213/213249.254:ERROR:file_io_win.cc(171)] CreateFile C:\Users\Lenovo\AppData\Local\Temp\karma-55422999\Crashpad\reports\f760ba9b-7321-413c-a1b1-9ef119666ea7.dmp: The system cannot find the path specified. (0x3)
[1213/213249.293:ERROR:crash_report_exception_handler.cc(99)] PrepareNewCrashReport failed
[1216/163440.029:ERROR:directory_reader_win.cc(43)] FindFirstFile: The system cannot find the path specified. (0x3)
[1217/164338.906:ERROR:directory_reader_win.cc(43)] FindFirstFile: Das System kann den angegebenen Pfad nicht finden. (0x3)
